2024-03-28 22:59:58,939 DEBUG    root            Loaded Command Group: ['gcloud', 'components']
2024-03-28 22:59:58,941 DEBUG    root            Loaded Command Group: ['gcloud', 'components', 'update']
2024-03-28 22:59:58,944 DEBUG    root            Running [gcloud.components.update] with arguments: [--quiet: "True", COMPONENT-IDS:8: "['gcloud', 'core', 'bq', 'gsutil', 'compute', 'preview', 'alpha', 'beta']"]
2024-03-28 22:59:58,945 INFO     ___FILE_ONLY___ Beginning update. This process may take several minutes.

2024-03-28 22:59:58,950 DEBUG    urllib3.connectionpool Starting new HTTPS connection (1): dl.google.com:443
2024-03-28 22:59:59,011 DEBUG    urllib3.connectionpool https://dl.google.com:443 "GET /dl/cloudsdk/channels/rapid/components-2.json HTTP/1.1" 200 214444
2024-03-28 22:59:59,029 WARNING  root            Component [compute] no longer exists.
2024-03-28 22:59:59,029 WARNING  root            Component [preview] no longer exists.
2024-03-28 22:59:59,030 INFO     ___FILE_ONLY___ 

2024-03-28 22:59:59,030 INFO     ___FILE_ONLY___ 
Your current Google Cloud CLI version is: 470.0.0

2024-03-28 22:59:59,030 INFO     ___FILE_ONLY___ Installing components from version: 470.0.0

2024-03-28 22:59:59,030 INFO     ___FILE_ONLY___ 

2024-03-28 22:59:59,031 DEBUG    root            Chosen display Format:table[box,title="These components will be removed."](details.display_name:label=Name:align=left,version.version_string:label=Version:align=right,data.size.size(zero="",min=1048576):label=Size:align=right)
2024-03-28 22:59:59,031 DEBUG    root            Chosen display Format:table[box,title="These components will be updated."](details.display_name:label=Name:align=left,version.version_string:label=Version:align=right,data.size.size(zero="",min=1048576):label=Size:align=right)
2024-03-28 22:59:59,032 DEBUG    root            Chosen display Format:table[box,title="These components will be installed."](details.display_name:label=Name:align=left,version.version_string:label=Version:align=right,data.size.size(zero="",min=1048576):label=Size:align=right)
2024-03-28 22:59:59,033 INFO     ___FILE_ONLY___ ┌──────────────────────────────────────────────┐
2024-03-28 22:59:59,033 INFO     ___FILE_ONLY___ 

2024-03-28 22:59:59,034 INFO     ___FILE_ONLY___ │     These components will be installed.      │
2024-03-28 22:59:59,034 INFO     ___FILE_ONLY___ 

2024-03-28 22:59:59,034 INFO     ___FILE_ONLY___ ├───────────────────────┬────────────┬─────────┤
2024-03-28 22:59:59,034 INFO     ___FILE_ONLY___ 

2024-03-28 22:59:59,034 INFO     ___FILE_ONLY___ │          Name         │  Version   │   Size  │
2024-03-28 22:59:59,034 INFO     ___FILE_ONLY___ 

2024-03-28 22:59:59,034 INFO     ___FILE_ONLY___ ├───────────────────────┼────────────┼─────────┤
2024-03-28 22:59:59,034 INFO     ___FILE_ONLY___ 

2024-03-28 22:59:59,034 INFO     ___FILE_ONLY___ │ 
2024-03-28 22:59:59,034 INFO     ___FILE_ONLY___ gcloud Alpha Commands
2024-03-28 22:59:59,034 INFO     ___FILE_ONLY___  
2024-03-28 22:59:59,034 INFO     ___FILE_ONLY___ │ 
2024-03-28 22:59:59,035 INFO     ___FILE_ONLY___ 2024.03.22
2024-03-28 22:59:59,035 INFO     ___FILE_ONLY___  
2024-03-28 22:59:59,035 INFO     ___FILE_ONLY___ │ 
2024-03-28 22:59:59,035 INFO     ___FILE_ONLY___ < 1 MiB
2024-03-28 22:59:59,035 INFO     ___FILE_ONLY___  
2024-03-28 22:59:59,035 INFO     ___FILE_ONLY___ │
2024-03-28 22:59:59,035 INFO     ___FILE_ONLY___ 

2024-03-28 22:59:59,035 INFO     ___FILE_ONLY___ │ 
2024-03-28 22:59:59,035 INFO     ___FILE_ONLY___ gcloud Beta Commands 
2024-03-28 22:59:59,035 INFO     ___FILE_ONLY___  
2024-03-28 22:59:59,035 INFO     ___FILE_ONLY___ │ 
2024-03-28 22:59:59,035 INFO     ___FILE_ONLY___ 2024.03.22
2024-03-28 22:59:59,035 INFO     ___FILE_ONLY___  
2024-03-28 22:59:59,035 INFO     ___FILE_ONLY___ │ 
2024-03-28 22:59:59,035 INFO     ___FILE_ONLY___ < 1 MiB
2024-03-28 22:59:59,036 INFO     ___FILE_ONLY___  
2024-03-28 22:59:59,036 INFO     ___FILE_ONLY___ │
2024-03-28 22:59:59,036 INFO     ___FILE_ONLY___ 

2024-03-28 22:59:59,036 INFO     ___FILE_ONLY___ └───────────────────────┴────────────┴─────────┘
2024-03-28 22:59:59,036 INFO     ___FILE_ONLY___ 

2024-03-28 22:59:59,036 INFO     ___FILE_ONLY___ 

2024-03-28 22:59:59,039 DEBUG    urllib3.connectionpool Starting new HTTPS connection (1): dl.google.com:443
2024-03-28 22:59:59,108 DEBUG    urllib3.connectionpool https://dl.google.com:443 "GET /dl/cloudsdk/channels/rapid/RELEASE_NOTES HTTP/1.1" 200 1179592
2024-03-28 22:59:59,139 INFO     ___FILE_ONLY___ For the latest full release notes, please visit:
  https://cloud.google.com/sdk/release_notes


2024-03-28 22:59:59,141 INFO     ___FILE_ONLY___ ╔════════════════════════════════════════════════════════════╗

2024-03-28 22:59:59,142 INFO     ___FILE_ONLY___ ╠═ Creating update staging area                             ═╣

2024-03-28 22:59:59,142 INFO     ___FILE_ONLY___ ╚
2024-03-28 22:59:59,142 INFO     ___FILE_ONLY___ ══════
2024-03-28 22:59:59,743 INFO     ___FILE_ONLY___ ══════
2024-03-28 22:59:59,743 INFO     ___FILE_ONLY___ ══════
2024-03-28 23:00:00,074 INFO     ___FILE_ONLY___ ═
2024-03-28 23:00:00,297 INFO     ___FILE_ONLY___ ═
2024-03-28 23:00:00,347 INFO     ___FILE_ONLY___ ═
2024-03-28 23:00:00,395 INFO     ___FILE_ONLY___ ═
2024-03-28 23:00:00,438 INFO     ___FILE_ONLY___ ═
2024-03-28 23:00:00,476 INFO     ___FILE_ONLY___ ═
2024-03-28 23:00:00,516 INFO     ___FILE_ONLY___ ═
2024-03-28 23:00:00,555 INFO     ___FILE_ONLY___ ═
2024-03-28 23:00:00,709 INFO     ___FILE_ONLY___ ═
2024-03-28 23:00:00,816 INFO     ___FILE_ONLY___ ═
2024-03-28 23:00:00,963 INFO     ___FILE_ONLY___ ═
2024-03-28 23:00:01,040 INFO     ___FILE_ONLY___ ═
2024-03-28 23:00:01,115 INFO     ___FILE_ONLY___ ═
2024-03-28 23:00:01,187 INFO     ___FILE_ONLY___ ═
2024-03-28 23:00:01,253 INFO     ___FILE_ONLY___ ═
2024-03-28 23:00:01,310 INFO     ___FILE_ONLY___ ═
2024-03-28 23:00:01,364 INFO     ___FILE_ONLY___ ═
2024-03-28 23:00:01,420 INFO     ___FILE_ONLY___ ═
2024-03-28 23:00:01,468 INFO     ___FILE_ONLY___ ═
2024-03-28 23:00:01,522 INFO     ___FILE_ONLY___ ═
2024-03-28 23:00:01,580 INFO     ___FILE_ONLY___ ═
2024-03-28 23:00:01,625 INFO     ___FILE_ONLY___ ═
2024-03-28 23:00:01,683 INFO     ___FILE_ONLY___ ═
2024-03-28 23:00:01,743 INFO     ___FILE_ONLY___ ═
2024-03-28 23:00:01,801 INFO     ___FILE_ONLY___ ═
2024-03-28 23:00:01,852 INFO     ___FILE_ONLY___ ═
2024-03-28 23:00:01,904 INFO     ___FILE_ONLY___ ═
2024-03-28 23:00:01,974 INFO     ___FILE_ONLY___ ═
2024-03-28 23:00:02,072 INFO     ___FILE_ONLY___ ═
2024-03-28 23:00:02,130 INFO     ___FILE_ONLY___ ═
2024-03-28 23:00:02,219 INFO     ___FILE_ONLY___ ═
2024-03-28 23:00:02,298 INFO     ___FILE_ONLY___ ═
2024-03-28 23:00:02,367 INFO     ___FILE_ONLY___ ═
2024-03-28 23:00:02,447 INFO     ___FILE_ONLY___ ═
2024-03-28 23:00:02,525 INFO     ___FILE_ONLY___ ═
2024-03-28 23:00:02,589 INFO     ___FILE_ONLY___ ═
2024-03-28 23:00:02,646 INFO     ___FILE_ONLY___ ═
2024-03-28 23:00:02,721 INFO     ___FILE_ONLY___ ═
2024-03-28 23:00:02,769 INFO     ___FILE_ONLY___ ═
2024-03-28 23:00:02,835 INFO     ___FILE_ONLY___ ═
2024-03-28 23:00:02,890 INFO     ___FILE_ONLY___ ═
2024-03-28 23:00:02,945 INFO     ___FILE_ONLY___ ═
2024-03-28 23:00:02,946 INFO     ___FILE_ONLY___ ╝

2024-03-28 23:00:06,088 INFO     ___FILE_ONLY___ ╔════════════════════════════════════════════════════════════╗

2024-03-28 23:00:06,088 INFO     ___FILE_ONLY___ ╠═ Installing: gcloud Alpha Commands                        ═╣

2024-03-28 23:00:06,088 INFO     ___FILE_ONLY___ ╚
2024-03-28 23:00:06,092 DEBUG    urllib3.connectionpool Starting new HTTPS connection (1): dl.google.com:443
2024-03-28 23:00:06,157 DEBUG    urllib3.connectionpool https://dl.google.com:443 "GET /dl/cloudsdk/channels/rapid/components/google-cloud-sdk-alpha-20240322135349.tar.gz HTTP/1.1" 200 800
2024-03-28 23:00:06,158 INFO     ___FILE_ONLY___ ══════════════════════════════
2024-03-28 23:00:06,159 INFO     ___FILE_ONLY___ ══════════════════════════════
2024-03-28 23:00:06,159 INFO     ___FILE_ONLY___ ╝

2024-03-28 23:00:06,166 INFO     ___FILE_ONLY___ ╔════════════════════════════════════════════════════════════╗

2024-03-28 23:00:06,167 INFO     ___FILE_ONLY___ ╠═ Installing: gcloud Beta Commands                         ═╣

2024-03-28 23:00:06,167 INFO     ___FILE_ONLY___ ╚
2024-03-28 23:00:06,170 DEBUG    urllib3.connectionpool Starting new HTTPS connection (1): dl.google.com:443
2024-03-28 23:00:06,237 DEBUG    urllib3.connectionpool https://dl.google.com:443 "GET /dl/cloudsdk/channels/rapid/components/google-cloud-sdk-beta-20240322135349.tar.gz HTTP/1.1" 200 797
2024-03-28 23:00:06,237 INFO     ___FILE_ONLY___ ══════════════════════════════
2024-03-28 23:00:06,238 INFO     ___FILE_ONLY___ ══════════════════════════════
2024-03-28 23:00:06,238 INFO     ___FILE_ONLY___ ╝

2024-03-28 23:00:06,247 INFO     ___FILE_ONLY___ ╔════════════════════════════════════════════════════════════╗

2024-03-28 23:00:06,247 INFO     ___FILE_ONLY___ ╠═ Creating backup and activating new installation          ═╣

2024-03-28 23:00:06,247 INFO     ___FILE_ONLY___ ╚
2024-03-28 23:00:06,247 DEBUG    root            Attempting to move directory [/tools/google-cloud-sdk] to [/tools/google-cloud-sdk.staging/.install/.backup]
2024-03-28 23:00:06,248 INFO     ___FILE_ONLY___ ══════════════════════════════
2024-03-28 23:00:06,248 DEBUG    root            Attempting to move directory [/tools/google-cloud-sdk.staging] to [/tools/google-cloud-sdk]
2024-03-28 23:00:06,248 INFO     ___FILE_ONLY___ ══════════════════════════════
2024-03-28 23:00:06,248 INFO     ___FILE_ONLY___ ╝

2024-03-28 23:00:06,252 DEBUG    root            Updating notification cache...
2024-03-28 23:00:06,252 INFO     ___FILE_ONLY___ 

2024-03-28 23:00:06,254 INFO     ___FILE_ONLY___ Performing post processing steps...
2024-03-28 23:00:06,254 DEBUG    root            Executing command: ['/tools/google-cloud-sdk/bin/gcloud', 'components', 'post-process']
2024-03-28 23:00:15,746 DEBUG    ___FILE_ONLY___ 
2024-03-28 23:00:15,746 DEBUG    ___FILE_ONLY___ 
2024-03-28 23:00:15,767 INFO     ___FILE_ONLY___ 
Update done!


2024-03-28 23:00:15,770 DEBUG    root            Chosen display Format:none
2024-03-28 23:00:15,771 INFO     root            Display format: "none"
